app/build/outputs/logs/manifest-merger-debug-report.txt
-- Merging decision tree log ---
manifest
ADDED from src/main/AndroidManifest.xml:2:1-33:12
	package
		ADDED from src/main/AndroidManifest.xml:3:5-41
		INJECTED from src/main/AndroidManifest.xml
		INJECTED from src/main/AndroidManifest.xml
	android:versionName
		INJECTED from src/main/AndroidManifest.xml
		INJECTED from src/main/AndroidManifest.xml
	xmlns:android
		ADDED from src/main/AndroidManifest.xml:2:11-69
	android:versionCode
		INJECTED from src/main/AndroidManifest.xml
		INJECTED from src/main/AndroidManifest.xml
uses-permission#android.permission.INTERNET
ADDED from src/main/AndroidManifest.xml:5:5-67
	android:name
		ADDED from src/main/AndroidManifest.xml:5:22-64
uses-permission#android.permission.ACCESS_NETWORK_STATE
ADDED from src/main/AndroidManifest.xml:6:5-79
	android:name
		ADDED from src/main/AndroidManifest.xml:6:22-76
application
ADDED from src/main/AndroidManifest.xml:9:5-31:19
MERGED from [com.android.support.constraint:constraint-layout:1.0.2] AndroidManifest.xml:9:5-20
MERGED from [com.android.support:cardview-v7:25.3.0] AndroidManifest.xml:26:5-20
MERGED from [com.android.support:design:25.3.0] AndroidManifest.xml:29:5-20
MERGED from [com.android.support:appcompat-v7:25.3.0] AndroidManifest.xml:29:5-20
MERGED from [com.android.support:animated-vector-drawable:25.3.0] AndroidManifest.xml:26:5-20
MERGED from [com.android.support:support-vector-drawable:25.3.0] AndroidManifest.xml:26:5-20
MERGED from [com.android.support:transition:25.3.0] AndroidManifest.xml:26:5-20
MERGED from [com.android.support:support-v4:25.3.0] AndroidManifest.xml:29:5-20
MERGED from [com.android.support:support-fragment:25.3.0] AndroidManifest.xml:29:5-20
MERGED from [com.android.support:support-media-compat:25.3.0] AndroidManifest.xml:29:5-20
MERGED from [com.android.support:support-core-ui:25.3.0] AndroidManifest.xml:29:5-20
MERGED from [com.android.support:support-core-utils:25.3.0] AndroidManifest.xml:29:5-20
MERGED from [com.android.support:support-compat:25.3.0] AndroidManifest.xml:29:5-20
	android:label
		ADDED from src/main/AndroidManifest.xml:13:9-41
	android:supportsRtl
		ADDED from src/main/AndroidManifest.xml:15:9-35
	android:hardwareAccelerated
		ADDED from src/main/AndroidManifest.xml:11:9-43
	android:roundIcon
		ADDED from src/main/AndroidManifest.xml:14:9-48
	android:allowBackup
		ADDED from src/main/AndroidManifest.xml:10:9-35
	android:icon
		ADDED from src/main/AndroidManifest.xml:12:9-43
	android:theme
		ADDED from src/main/AndroidManifest.xml:16:9-40
activity#com.localknowledge.codefoo.MainActivity
ADDED from src/main/AndroidManifest.xml:17:9-26:20
	android:screenOrientation
		ADDED from src/main/AndroidManifest.xml:19:13-49
	android:name
		ADDED from src/main/AndroidManifest.xml:18:13-41
intent-filter#android.intent.action.MAIN+android.intent.category.LAUNCHER
ADDED from src/main/AndroidManifest.xml:21:13-25:29
action#android.intent.action.MAIN
ADDED from src/main/AndroidManifest.xml:22:17-69
	android:name
		ADDED from src/main/AndroidManifest.xml:22:25-66
category#android.intent.category.LAUNCHER
ADDED from src/main/AndroidManifest.xml:24:17-77
	android:name
		ADDED from src/main/AndroidManifest.xml:24:27-74
activity#com.localknowledge.codefoo.WebviewActivity
ADDED from src/main/AndroidManifest.xml:27:9-30:51
	android:screenOrientation
		ADDED from src/main/AndroidManifest.xml:30:13-49
	android:parentActivityName
		ADDED from src/main/AndroidManifest.xml:29:13-55
	android:name
		ADDED from src/main/AndroidManifest.xml:28:13-44
uses-sdk
INJECTED from src/main/AndroidManifest.xml reason: use-sdk injection requested
MERGED from [com.android.support.constraint:constraint-layout:1.0.2] AndroidManifest.xml:5:5-7:41
MERGED from [com.android.support:cardview-v7:25.3.0] AndroidManifest.xml:20:5-43
MERGED from [com.android.support:design:25.3.0] AndroidManifest.xml:21:5-23:62
MERGED from [com.android.support:appcompat-v7:25.3.0] AndroidManifest.xml:21:5-23:78
MERGED from [com.android.support:animated-vector-drawable:25.3.0] AndroidManifest.xml:20:5-44
MERGED from [com.android.support:support-vector-drawable:25.3.0] AndroidManifest.xml:20:5-43
MERGED from [com.android.support:recyclerview-v7:25.3.0] AndroidManifest.xml:20:5-43
MERGED from [com.android.support:transition:25.3.0] AndroidManifest.xml:20:5-44
MERGED from [com.android.support:support-v4:25.3.0] AndroidManifest.xml:21:5-23:54
MERGED from [com.android.support:support-fragment:25.3.0] AndroidManifest.xml:21:5-23:60
MERGED from [com.android.support:support-media-compat:25.3.0] AndroidManifest.xml:21:5-23:63
MERGED from [com.android.support:support-core-ui:25.3.0] AndroidManifest.xml:21:5-23:58
MERGED from [com.android.support:support-core-utils:25.3.0] AndroidManifest.xml:21:5-23:61
MERGED from [com.android.support:support-compat:25.3.0] AndroidManifest.xml:21:5-23:58
	tools:overrideLibrary
		ADDED from [com.android.support:design:25.3.0] AndroidManifest.xml:23:9-59
	android:targetSdkVersion
		INJECTED from src/main/AndroidManifest.xml
		INJECTED from src/main/AndroidManifest.xml
	android:minSdkVersion
		INJECTED from src/main/AndroidManifest.xml
		INJECTED from src/main/AndroidManifest.xml
meta-data#android.support.VERSION
ADDED from [com.android.support:cardview-v7:25.3.0] AndroidManifest.xml:22:5-24:34
MERGED from [com.android.support:design:25.3.0] AndroidManifest.xml:25:5-27:34
MERGED from [com.android.support:appcompat-v7:25.3.0] AndroidManifest.xml:25:5-27:34
MERGED from [com.android.support:animated-vector-drawable:25.3.0] AndroidManifest.xml:22:5-24:34
MERGED from [com.android.support:support-vector-drawable:25.3.0] AndroidManifest.xml:22:5-24:34
MERGED from [com.android.support:recyclerview-v7:25.3.0] AndroidManifest.xml:22:5-24:34
MERGED from [com.android.support:transition:25.3.0] AndroidManifest.xml:22:5-24:34
MERGED from [com.android.support:support-v4:25.3.0] AndroidManifest.xml:25:5-27:34
MERGED from [com.android.support:support-fragment:25.3.0] AndroidManifest.xml:25:5-27:34
MERGED from [com.android.support:support-media-compat:25.3.0] AndroidManifest.xml:25:5-27:34
MERGED from [com.android.support:support-core-ui:25.3.0] AndroidManifest.xml:25:5-27:34
MERGED from [com.android.support:support-core-utils:25.3.0] AndroidManifest.xml:25:5-27:34
MERGED from [com.android.support:support-compat:25.3.0] AndroidManifest.xml:25:5-27:34
	android:value
		ADDED from [com.android.support:cardview-v7:25.3.0] AndroidManifest.xml:24:9-31
	android:name
		ADDED from [com.android.support:cardview-v7:25.3.0] AndroidManifest.xml:23:9-47